<?xml version="1.0" encoding="UTF-8"?>
<!-- Generated by org.testng.reporters.JUnitReportReporter -->
<testsuite hostname="ASKComputers-PC" name="com.appium.test.GmailSinupTest" tests="3" failures="0" timestamp="12 Sep 2016 08:11:50 GMT" time="31.262" errors="0">
  <testcase name="VerifyPhoneNumberFormatError" time="9.859" classname="com.appium.test.GmailSinupTest"/>
  <testcase name="VerifyPasswdMismatchError" time="9.320" classname="com.appium.test.GmailSinupTest"/>
  <testcase name="VerifyAlreadyTakenMailIdError" time="12.083" classname="com.appium.test.GmailSinupTest"/>
</testsuite> <!-- com.appium.test.GmailSinupTest -->
