<?xml version="1.0" encoding="UTF-8"?>
<!-- Generated by org.testng.reporters.JUnitReportReporter -->
<testsuite hostname="ASKComputers-PC" name="appium.appiumtest.AppiumDemo" tests="1" failures="0" timestamp="10 Sep 2016 16:59:48 GMT" time="9.620" errors="0">
  <testcase name="VerifyAmazonSignup" time="9.620" classname="appium.appiumtest.AppiumDemo"/>
</testsuite> <!-- appium.appiumtest.AppiumDemo -->
